<?xml version="1.0" encoding="UTF-8"?>
<!-- Generated by org.testng.reporters.JUnitXMLReporter -->
<testsuite ignored="0" hostname="HachidoriLap020" failures="1" tests="1" name="Test" time="9.746" errors="0" timestamp="2026-09-19T17:09:55 IST">
  <testcase classname="UI.POM_Tests.smk2" name="StartAMRAutomation" time="6.612">
    <failure type="java.lang.NullPointerException" message="Cannot invoke &amp;quot;com.aventstack.extentreports.ExtentTest.createNode(String)&amp;quot; because the return value of &amp;quot;UI.TestComponents.Listeners.getTest()&amp;quot; is null">
      <![CDATA[java.lang.NullPointerException: Cannot invoke "com.aventstack.extentreports.ExtentTest.createNode(String)" because the return value of "UI.TestComponents.Listeners.getTest()" is null
at UI.POM_Tests.smk2.StartAMRAutomation(smk2.java:63)
at java.base/java.util.concurrent.FutureTask.run(FutureTask.java:317)
at java.base/java.util.concurrent.ThreadPoolExecutor.runWorker(ThreadPoolExecutor.java:1144)
at java.base/java.util.concurrent.ThreadPoolExecutor$Worker.run(ThreadPoolExecutor.java:642)
at java.base/java.lang.Thread.run(Thread.java:1583)
... Removed 6 stack frames]]>
    </failure>
  </testcase> <!-- StartAMRAutomation -->
</testsuite> <!-- Test -->
