<?xml version="1.0" encoding="UTF-8"?>
<!-- Generated by org.testng.reporters.JUnitReportReporter -->
<testsuite hostname="HachidoriLap020" failures="0" tests="1" name="UI.POM_Tests.Start_The_Testing" time="896.261" errors="1" timestamp="2026-09-22T16:15:42 IST" skipped="0">
  <testcase classname="UI.POM_Tests.Start_The_Testing" name="StartAMRAutomation" time="896.261">
    <error message="element click intercepted: Element &lt;button class=&quot;REFRESH&quot; onmousedown=&quot;location.reload()&quot; ontouchstart=&quot;location.reload();&quot;&gt;...&lt;/button&gt; is not clickable at point (1474, 92). Other element would receive the click: &lt;div id=&quot;LastAbortedPopUpModal&quot; class=&quot;modal&quot; style=&quot;display: block;&quot;&gt;...&lt;/div&gt;
  (Session info: chrome=148.0.7778.167)
Build info: version: &#039;4.48.0&#039;, revision: &#039;27f5213 27f5213055e28398a5105b7892b7a3bb2012a6ef&#039;
System info: os.name: &#039;Windows 11&#039;, os.arch: &#039;amd64&#039;, os.version: &#039;10.0&#039;, java.version: &#039;21.0.6&#039;
Driver info: org.openqa.selenium.chrome.ChromeDriver
Command: [e68e3b90d38f93fed83484dd7953d4ae, clickElement {id=f.CDDE6A76213FFC7DCC147499F5F3F068.d.279E4CC08C86D185B9BC2F3C2C8450A9.e.1211}]
Capabilities {acceptInsecureCerts: false, browserName: chrome, browserVersion: 148.0.7778.167, chrome: {chromedriverVersion: 148.0.7778.178 (d096af1c9e9..., userDataDir: C:\Users\SHASH~1.HAC\AppDat...}, fedcm:accounts: true, goog:chromeOptions: {debuggerAddress: localhost:52914}, goog:processID: 9828, networkConnectionEnabled: false, pageLoadStrategy: normal, platformName: windows, proxy: Proxy(), se:cdp: ws://localhost:52914/devtoo..., se:cdpVersion: 148.0.7778.167, setWindowRect: true, strictFileInteractability: false, timeouts: {implicit: 0, pageLoad: 300000, script: 30000}, unhandledPromptBehavior: dismiss and notify, webauthn:extension:credBlob: true, webauthn:extension:largeBlob: true, webauthn:extension:minPinLength: true, webauthn:extension:prf: true, webauthn:virtualAuthenticators: true}
Element: [[ChromeDriver: chrome on windows (e68e3b90d38f93fed83484dd7953d4ae)] -&gt; xpath: //button[@class=&#039;REFRESH&#039;]]
Session ID: e68e3b90d38f93fed83484dd7953d4ae" type="org.openqa.selenium.ElementClickInterceptedException">
      <![CDATA[org.openqa.selenium.ElementClickInterceptedException: element click intercepted: Element <button class="REFRESH" onmousedown="location.reload()" ontouchstart="location.reload();">...</button> is not clickable at point (1474, 92). Other element would receive the click: <div id="LastAbortedPopUpModal" class="modal" style="display: block;">...</div>
  (Session info: chrome=148.0.7778.167)
Build info: version: '4.48.0', revision: '27f5213 27f5213055e28398a5105b7892b7a3bb2012a6ef'
System info: os.name: 'Windows 11', os.arch: 'amd64', os.version: '10.0', java.version: '21.0.6'
Driver info: org.openqa.selenium.chrome.ChromeDriver
Command: [e68e3b90d38f93fed83484dd7953d4ae, clickElement {id=f.CDDE6A76213FFC7DCC147499F5F3F068.d.279E4CC08C86D185B9BC2F3C2C8450A9.e.1211}]
Capabilities {acceptInsecureCerts: false, browserName: chrome, browserVersion: 148.0.7778.167, chrome: {chromedriverVersion: 148.0.7778.178 (d096af1c9e9..., userDataDir: C:\Users\SHASH~1.HAC\AppDat...}, fedcm:accounts: true, goog:chromeOptions: {debuggerAddress: localhost:52914}, goog:processID: 9828, networkConnectionEnabled: false, pageLoadStrategy: normal, platformName: windows, proxy: Proxy(), se:cdp: ws://localhost:52914/devtoo..., se:cdpVersion: 148.0.7778.167, setWindowRect: true, strictFileInteractability: false, timeouts: {implicit: 0, pageLoad: 300000, script: 30000}, unhandledPromptBehavior: dismiss and notify, webauthn:extension:credBlob: true, webauthn:extension:largeBlob: true, webauthn:extension:minPinLength: true, webauthn:extension:prf: true, webauthn:virtualAuthenticators: true}
Element: [[ChromeDriver: chrome on windows (e68e3b90d38f93fed83484dd7953d4ae)] -> xpath: //button[@class='REFRESH']]
Session ID: e68e3b90d38f93fed83484dd7953d4ae
at org.openqa.selenium.remote.ErrorCodec.decode(ErrorCodec.java:169)
at org.openqa.selenium.remote.codec.w3c.W3CHttpResponseCodec.decode(W3CHttpResponseCodec.java:143)
at org.openqa.selenium.remote.codec.w3c.W3CHttpResponseCodec.decode(W3CHttpResponseCodec.java:50)
at org.openqa.selenium.remote.HttpCommandExecutor.execute(HttpCommandExecutor.java:196)
at org.openqa.selenium.remote.service.DriverCommandExecutor.invokeExecute(DriverCommandExecutor.java:217)
at org.openqa.selenium.remote.service.DriverCommandExecutor.execute(DriverCommandExecutor.java:175)
at org.openqa.selenium.remote.RemoteWebDriver.execute(RemoteWebDriver.java:653)
at org.openqa.selenium.remote.RemoteWebElement.execute(RemoteWebElement.java:225)
at org.openqa.selenium.remote.RemoteWebElement.click(RemoteWebElement.java:79)
at java.base/jdk.internal.reflect.DirectMethodHandleAccessor.invoke(DirectMethodHandleAccessor.java:103)
at java.base/java.lang.reflect.Method.invoke(Method.java:580)
at org.openqa.selenium.support.pagefactory.internal.LocatingElementHandler.invoke(LocatingElementHandler.java:51)
at jdk.proxy2/jdk.proxy2.$Proxy11.click(Unknown Source)
at UI.POM_Tests.Start_The_Testing.StartAMRAutomation(Start_The_Testing.java:63)
at java.base/jdk.internal.reflect.DirectMethodHandleAccessor.invoke(DirectMethodHandleAccessor.java:103)
at java.base/java.lang.reflect.Method.invoke(Method.java:580)
at org.testng.internal.invokers.MethodInvocationHelper.invokeMethod(MethodInvocationHelper.java:141)
at org.testng.internal.invokers.TestInvoker.invokeMethod(TestInvoker.java:697)
at org.testng.internal.invokers.TestInvoker.invokeTestMethod(TestInvoker.java:230)
at org.testng.internal.invokers.MethodRunner.runInSequence(MethodRunner.java:63)
at org.testng.internal.invokers.TestInvoker$MethodInvocationAgent.invoke(TestInvoker.java:1005)
at org.testng.internal.invokers.TestInvoker.invokeTestMethods(TestInvoker.java:203)
at org.testng.internal.invokers.TestMethodWorker.invokeTestMethods(TestMethodWorker.java:154)
at org.testng.internal.invokers.TestMethodWorker.run(TestMethodWorker.java:134)
at java.base/java.util.ArrayList.forEach(ArrayList.java:1596)
at org.testng.TestRunner.privateRun(TestRunner.java:744)
at org.testng.TestRunner.run(TestRunner.java:616)
at org.testng.SuiteRunner.runTest(SuiteRunner.java:421)
at org.testng.SuiteRunner.runSequentially(SuiteRunner.java:413)
at org.testng.SuiteRunner.privateRun(SuiteRunner.java:373)
at org.testng.SuiteRunner.run(SuiteRunner.java:312)
at org.testng.SuiteRunnerWorker.runSuite(SuiteRunnerWorker.java:52)
at org.testng.SuiteRunnerWorker.run(SuiteRunnerWorker.java:95)
at org.testng.TestNG.runSuitesSequentially(TestNG.java:1274)
at org.testng.TestNG.runSuitesLocally(TestNG.java:1208)
at org.testng.TestNG.runSuites(TestNG.java:1112)
at org.testng.TestNG.run(TestNG.java:1079)
at org.testng.remote.AbstractRemoteTestNG.run(AbstractRemoteTestNG.java:115)
at org.testng.remote.RemoteTestNG.initAndRun(RemoteTestNG.java:293)
at org.testng.remote.RemoteTestNG.main(RemoteTestNG.java:91)
]]>
    </error>
  </testcase> <!-- StartAMRAutomation -->
</testsuite> <!-- UI.POM_Tests.Start_The_Testing -->
