<?xml version="1.0" encoding="UTF-8"?>
<!-- Generated by org.testng.reporters.JUnitReportReporter -->
<testsuite hostname="HachidoriLap020" failures="0" tests="1" name="UI.POM_Tests.smk2" time="9.478" errors="1" timestamp="2026-09-19T17:09:56 IST" skipped="0">
  <testcase classname="UI.POM_Tests.smk2" name="StartAMRAutomation" time="9.478">
    <error message="Cannot invoke &quot;com.aventstack.extentreports.ExtentTest.createNode(String)&quot; because the return value of &quot;UI.TestComponents.Listeners.getTest()&quot; is null" type="java.lang.NullPointerException">
      <![CDATA[java.lang.NullPointerException: Cannot invoke "com.aventstack.extentreports.ExtentTest.createNode(String)" because the return value of "UI.TestComponents.Listeners.getTest()" is null
at UI.POM_Tests.smk2.StartAMRAutomation(smk2.java:63)
at java.base/jdk.internal.reflect.DirectMethodHandleAccessor.invoke(DirectMethodHandleAccessor.java:103)
at java.base/java.lang.reflect.Method.invoke(Method.java:580)
at org.testng.internal.invokers.MethodInvocationHelper.invokeMethod(MethodInvocationHelper.java:141)
at org.testng.internal.invokers.InvokeMethodRunnable.runOne(InvokeMethodRunnable.java:47)
at org.testng.internal.invokers.InvokeMethodRunnable.call(InvokeMethodRunnable.java:76)
at org.testng.internal.invokers.InvokeMethodRunnable.call(InvokeMethodRunnable.java:11)
at java.base/java.util.concurrent.FutureTask.run(FutureTask.java:317)
at java.base/java.util.concurrent.ThreadPoolExecutor.runWorker(ThreadPoolExecutor.java:1144)
at java.base/java.util.concurrent.ThreadPoolExecutor$Worker.run(ThreadPoolExecutor.java:642)
at java.base/java.lang.Thread.run(Thread.java:1583)
]]>
    </error>
  </testcase> <!-- StartAMRAutomation -->
</testsuite> <!-- UI.POM_Tests.smk2 -->
